Step: step-credential-initializer-lxg22:

{"level":"warn","ts":1565650138.9684196,"logger":"fallback-logger","caller":"logging/config.go:69","msg":"Fetch GitHub commit ID from kodata failed: \"ref: refs/heads/master\" is not a valid GitHub commit ID"}
{"level":"info","ts":1565650138.9688013,"logger":"fallback-logger","caller":"creds-init/main.go:40","msg":"Credentials initialized."}
Step: step-working-dir-initializer-5fp82:

{"level":"warn","ts":1565650140.223423,"logger":"fallback-logger","caller":"logging/config.go:69","msg":"Fetch GitHub commit ID from kodata failed: open /var/run/ko/HEAD: no such file or directory"}
{"level":"info","ts":1565650140.2253535,"logger":"fallback-logger","caller":"bash/main.go:65","msg":"Successfully executed command \"mkdir -p /workspace/source /workspace/source/charts/preview\""}
Step: step-place-tools:

Step: step-git-source-*********-go-demo-6-pr-1-server-wjtrl:

{"level":"warn","ts":1565650147.2350852,"logger":"fallback-logger","caller":"logging/config.go:69","msg":"Fetch GitHub commit ID from kodata failed: \"ref: refs/heads/master\" is not a valid GitHub commit ID"}
{"level":"info","ts":1565650147.5669377,"logger":"fallback-logger","caller":"git/git.go:102","msg":"Successfully cloned https://github.com/*********/go-demo-6.git @ master in path /workspace/source"}
Step: step-git-merge:

WARNING: no SHAs to merge, falling back to initial cloned commit
Step: step-build-make-linux:

go: finding github.com/pmezard/go-difflib v1.0.0
go: finding github.com/prometheus/client_model v0.0.0-20180712105110-5c3871d89910
go: finding github.com/stretchr/objx v0.1.1
go: finding github.com/matttproud/golang_protobuf_extensions v1.0.1
go: finding github.com/golang/protobuf v1.2.0
go: finding github.com/prometheus/procfs v0.0.0-20181204211112-1dc9a6cbc91a
go: finding github.com/stretchr/testify v1.2.2
go: finding github.com/beorn7/perks v0.0.0-20180321164747-3a771d992973
go: finding github.com/prometheus/common v0.0.0-20181126121408-4724e9255275
go: finding gopkg.in/mgo.v2 v2.0.0-20180705113604-9856a29383ce
go: finding github.com/prometheus/client_golang v0.9.2
go: finding github.com/davecgh/go-spew v1.1.1
go: finding golang.org/x/sync v0.0.0-20181108010431-42b317875d0f
go: finding golang.org/x/net v0.0.0-20181201002055-351d144fa1fc
go: downloading gopkg.in/mgo.v2 v2.0.0-20180705113604-9856a29383ce
go: downloading github.com/prometheus/client_golang v0.9.2
go: extracting github.com/prometheus/client_golang v0.9.2
go: downloading github.com/prometheus/common v0.0.0-20181126121408-4724e9255275
go: downloading github.com/golang/protobuf v1.2.0
go: downloading github.com/prometheus/client_model v0.0.0-20180712105110-5c3871d89910
go: downloading github.com/prometheus/procfs v0.0.0-20181204211112-1dc9a6cbc91a
go: downloading github.com/beorn7/perks v0.0.0-20180321164747-3a771d992973
go: extracting gopkg.in/mgo.v2 v2.0.0-20180705113604-9856a29383ce
go: extracting github.com/beorn7/perks v0.0.0-20180321164747-3a771d992973
go: extracting github.com/prometheus/client_model v0.0.0-20180712105110-5c3871d89910
go: extracting github.com/prometheus/procfs v0.0.0-20181204211112-1dc9a6cbc91a
go: extracting github.com/prometheus/common v0.0.0-20181126121408-4724e9255275
go: downloading github.com/matttproud/golang_protobuf_extensions v1.0.1
go: extracting github.com/matttproud/golang_protobuf_extensions v1.0.1
go: extracting github.com/golang/protobuf v1.2.0
CGO_ENABLED=0 GOOS=linux GOARCH=amd64 GO15VENDOREXPERIMENT=1 go build -ldflags '' -o bin/go-demo-6 main.go
Step: step-build-container-build:

[36mINFO[0m[0000] No base image, nothing to extract            
[36mINFO[0m[0000] cmd: EXPOSE                                  
[36mINFO[0m[0000] Adding exposed port: 8080/tcp                
[36mINFO[0m[0000] Using files from context: [/workspace/source/bin] 
[36mINFO[0m[0000] Skipping unpacking as no commands require it. 
[36mINFO[0m[0000] Taking snapshot of full filesystem...        
[36mINFO[0m[0000] EXPOSE 8080                                  
[36mINFO[0m[0000] cmd: EXPOSE                                  
[36mINFO[0m[0000] Adding exposed port: 8080/tcp                
[36mINFO[0m[0000] No files changed in this command, skipping snapshotting. 
[36mINFO[0m[0000] ENTRYPOINT ["/go-demo-6"]                    
[36mINFO[0m[0000] No files changed in this command, skipping snapshotting. 
[36mINFO[0m[0000] Using files from context: [/workspace/source/bin] 
[36mINFO[0m[0000] COPY ./bin/ /                                
[36mINFO[0m[0000] Taking snapshot of files...                  
2019/08/12 22:49:21 pushed blob: sha256:2a7accba6bd6a94f45c09ebdf791f5ba99fec9db834df472bfd7c79928d0a96d
2019/08/12 22:49:22 pushed blob: sha256:8fbbc0c4ed5bd9f73e0162c4adc37ee1df7725f5f3ddc092cfe2b5ade36644db
2019/08/12 22:49:23 899672197328.dkr.ecr.us-east-1.amazonaws.com/*********/go-demo-6:0.0.0-SNAPSHOT-PR-1-1: digest: sha256:46fb279de35f9ea182013400f9822262c011a560824917c113be1ca356f4b748 size: 428
Step: step-postbuild-post-build:

no CVE provider running in the current ** namespace so skip adding image to be analysed
Step: step-promote-make-preview:

sed -i -e "s/version:.*/version: 0.0.0-SNAPSHOT-PR-1-1/" Chart.yaml
sed -i -e "s/version:.*/version: 0.0.0-SNAPSHOT-PR-1-1/" ../*/Chart.yaml
sed -i -e "s|repository:.*|repository: 899672197328.dkr.ecr.us-east-1.amazonaws.com\/vfarcic\/go-demo-6|" values.yaml
sed -i -e "s/tag:.*/tag: 0.0.0-SNAPSHOT-PR-1-1/" values.yaml
echo "  version: 0.0.0-SNAPSHOT-PR-1-1" >> requirements.yaml
jx step helm build
WARNING: No $CHART_REPOSITORY defined so using the default value of: http://jenkins-x-chartmuseum:8080
Adding missing Helm repo: storage.googleapis.com https://storage.googleapis.com/chartmuseum.jenkins-x.io
Successfully added Helm repository storage.googleapis.com.
Adding missing Helm repo: jenkins-x-chartmuseum http://jenkins-x-chartmuseum:8080
Successfully added Helm repository jenkins-x-chartmuseum.
WARNING: No $CHART_REPOSITORY defined so using the default value of: http://jenkins-x-chartmuseum:8080
Adding missing Helm repo: chartmuseum.jenkins-x.io http://chartmuseum.jenkins-x.io
Successfully added Helm repository chartmuseum.jenkins-x.io.
Step: step-promote-jx-preview:

Creating a preview
Commit author email is empty for: adc04ae7b48835f7b9724505782584eb401d5ff6
Looking for commits in: /workspace/source/
WARNING: Commit not found: adc04ae7b48835f7b9724505782584eb401d5ff6
Created environment *********-go-demo-6-pr-1
Namespace **-*********-go-demo-6-pr-1 created 
expose:
  Annotations:
    helm.sh/hook: post-install,post-upgrade
    helm.sh/hook-delete-policy: hook-succeeded
  config:
    domain: 3.226.220.114.nip.io
    exposer: Ingress
    http: "true"
preview:
  image:
    repository: 899672197328.dkr.ecr.us-east-1.amazonaws.com/*********/go-demo-6
    tag: 0.0.0-SNAPSHOT-PR-1-1
Deleting and cloning the Jenkins X versions repo
Cloning the Jenkins X versions repo https://github.com/jenkins-x/jenkins-x-versions.git with ref refs/heads/master to /builder/home/.jx/jenkins-x-versions
WARNING: failed to create system vault in namespace ** due to could not find the system vault name in namespace "**"


Updating PipelineActivities *********-go-demo-6-pr-1-1 which has status Running
WARNING: preview application http://go-demo-6.**-*********-go-demo-6-pr-1.3.226.220.114.nip.io not available, error was 503 503 Service Temporarily Unavailable, delaying for: 1.070673276s
WARNING: preview application http://go-demo-6.**-*********-go-demo-6-pr-1.3.226.220.114.nip.io not available, error was 503 503 Service Temporarily Unavailable, delaying for: 1.195623845s
WARNING: preview application http://go-demo-6.**-*********-go-demo-6-pr-1.3.226.220.114.nip.io not available, error was 503 503 Service Temporarily Unavailable, delaying for: 3.07200378s
WARNING: preview application http://go-demo-6.**-*********-go-demo-6-pr-1.3.226.220.114.nip.io not available, error was 503 503 Service Temporarily Unavailable, delaying for: 1.783022906s
WARNING: preview application http://go-demo-6.**-*********-go-demo-6-pr-1.3.226.220.114.nip.io not available, error was 503 503 Service Temporarily Unavailable, delaying for: 7.468410696s
WARNING: preview application http://go-demo-6.**-*********-go-demo-6-pr-1.3.226.220.114.nip.io not available, error was 503 503 Service Temporarily Unavailable, delaying for: 4.245822445s
WARNING: preview application http://go-demo-6.**-*********-go-demo-6-pr-1.3.226.220.114.nip.io not available, error was 503 503 Service Temporarily Unavailable, delaying for: 7.668923244s
WARNING: preview application http://go-demo-6.**-*********-go-demo-6-pr-1.3.226.220.114.nip.io not available, error was 503 503 Service Temporarily Unavailable, delaying for: 13.301532569s
WARNING: preview application http://go-demo-6.**-*********-go-demo-6-pr-1.3.226.220.114.nip.io not available, error was 503 503 Service Temporarily Unavailable, delaying for: 19.312418843s
WARNING: preview application http://go-demo-6.**-*********-go-demo-6-pr-1.3.226.220.114.nip.io not available, error was 503 503 Service Temporarily Unavailable, delaying for: 33.130697797s
WARNING: preview application http://go-demo-6.**-*********-go-demo-6-pr-1.3.226.220.114.nip.io not available, error was 503 503 Service Temporarily Unavailable, delaying for: 1m20.405923589s
WARNING: preview application http://go-demo-6.**-*********-go-demo-6-pr-1.3.226.220.114.nip.io not available, error was 503 503 Service Temporarily Unavailable, delaying for: 34.457459937s
WARNING: preview application http://go-demo-6.**-*********-go-demo-6-pr-1.3.226.220.114.nip.io not available, error was 503 503 Service Temporarily Unavailable, delaying for: 44.490905313s
WARNING: preview application http://go-demo-6.**-*********-go-demo-6-pr-1.3.226.220.114.nip.io not available, error was 503 503 Service Temporarily Unavailable, delaying for: 1m14.5109376s
error: error checking if preview application http://go-demo-6.**-*********-go-demo-6-pr-1.3.226.220.114.nip.io is available: preview application http://go-demo-6.**-*********-go-demo-6-pr-1.3.226.220.114.nip.io not available, error was 503 503 Service Temporarily Unavailable
